<?xml version="1.0" encoding="UTF-8"?>
<!-- Generated by org.testng.reporters.JUnitReportReporter -->
<testsuite skipped="0" hostname="YP1009097DT" name="com.EmployeManagement.tests.EmployeeManagementTest" tests="8" failures="3" timestamp="27 May 2019 09:38:49 GMT" time="4.825" errors="0">
  <testcase name="deleteEmployeeWithPayloadTest" time="1.447" classname="com.EmployeManagement.tests.EmployeeManagementTest">
    <failure type="java.lang.AssertionError" message="expected [200] but found [204]">
      <![CDATA[java.lang.AssertionError: expected [200] but found [204]
at org.testng.Assert.fail(Assert.java:96)
at org.testng.Assert.failNotEquals(Assert.java:776)
at org.testng.Assert.assertEqualsImpl(Assert.java:137)
at org.testng.Assert.assertEquals(Assert.java:118)
at org.testng.Assert.assertEquals(Assert.java:652)
at org.testng.Assert.assertEquals(Assert.java:662)
at com.EmployeManagement.tests.EmployeeManagementTest.deleteEmployeeWithPayloadTest(EmployeeManagementTest.java:48)
at sun.reflect.NativeMethodAccessorImpl.invoke0(Native Method)
at sun.reflect.NativeMethodAccessorImpl.invoke(NativeMethodAccessorImpl.java:62)
at sun.reflect.DelegatingMethodAccessorImpl.invoke(DelegatingMethodAccessorImpl.java:43)
at java.lang.reflect.Method.invoke(Method.java:483)
at org.testng.internal.MethodInvocationHelper.invokeMethod(MethodInvocationHelper.java:124)
at org.testng.internal.Invoker.invokeMethod(Invoker.java:583)
at org.testng.internal.Invoker.invokeTestMethod(Invoker.java:719)
at org.testng.internal.Invoker.invokeTestMethods(Invoker.java:989)
at org.testng.internal.TestMethodWorker.invokeTestMethods(TestMethodWorker.java:125)
at org.testng.internal.TestMethodWorker.run(TestMethodWorker.java:109)
at java.util.concurrent.ThreadPoolExecutor.runWorker(ThreadPoolExecutor.java:1142)
at java.util.concurrent.ThreadPoolExecutor$Worker.run(ThreadPoolExecutor.java:617)
at java.lang.Thread.run(Thread.java:745)
]]>
    </failure>
  </testcase> <!-- deleteEmployeeWithPayloadTest -->
  <testcase name="postEmployeeWithJSONStringTest" time="0.061" classname="com.EmployeManagement.tests.EmployeeManagementTest"/>
  <testcase name="deleteEmployeeWithJSONStringTest" time="3.040" classname="com.EmployeManagement.tests.EmployeeManagementTest"/>
  <testcase name="getAllEmployeesTest" time="0.057" classname="com.EmployeManagement.tests.EmployeeManagementTest"/>
  <testcase name="getEmployeeTest" time="0.131" classname="com.EmployeManagement.tests.EmployeeManagementTest"/>
  <testcase name="putEmployeeWithJSONStringTest" time="0.030" classname="com.EmployeManagement.tests.EmployeeManagementTest"/>
  <testcase name="postEmployeeWithPayloadTest" time="0.038" classname="com.EmployeManagement.tests.EmployeeManagementTest">
    <failure type="java.lang.AssertionError" message="expected [200] but found [204]">
      <![CDATA[java.lang.AssertionError: expected [200] but found [204]
at org.testng.Assert.fail(Assert.java:96)
at org.testng.Assert.failNotEquals(Assert.java:776)
at org.testng.Assert.assertEqualsImpl(Assert.java:137)
at org.testng.Assert.assertEquals(Assert.java:118)
at org.testng.Assert.assertEquals(Assert.java:652)
at org.testng.Assert.assertEquals(Assert.java:662)
at com.EmployeManagement.tests.EmployeeManagementTest.postEmployeeWithPayloadTest(EmployeeManagementTest.java:28)
at sun.reflect.NativeMethodAccessorImpl.invoke0(Native Method)
at sun.reflect.NativeMethodAccessorImpl.invoke(NativeMethodAccessorImpl.java:62)
at sun.reflect.DelegatingMethodAccessorImpl.invoke(DelegatingMethodAccessorImpl.java:43)
at java.lang.reflect.Method.invoke(Method.java:483)
at org.testng.internal.MethodInvocationHelper.invokeMethod(MethodInvocationHelper.java:124)
at org.testng.internal.Invoker.invokeMethod(Invoker.java:583)
at org.testng.internal.Invoker.invokeTestMethod(Invoker.java:719)
at org.testng.internal.Invoker.invokeTestMethods(Invoker.java:989)
at org.testng.internal.TestMethodWorker.invokeTestMethods(TestMethodWorker.java:125)
at org.testng.internal.TestMethodWorker.run(TestMethodWorker.java:109)
at java.util.concurrent.ThreadPoolExecutor.runWorker(ThreadPoolExecutor.java:1142)
at java.util.concurrent.ThreadPoolExecutor$Worker.run(ThreadPoolExecutor.java:617)
at java.lang.Thread.run(Thread.java:745)
]]>
    </failure>
  </testcase> <!-- postEmployeeWithPayloadTest -->
  <testcase name="putEmployeeWithPayloadTest" time="0.021" classname="com.EmployeManagement.tests.EmployeeManagementTest">
    <failure type="java.lang.AssertionError" message="expected [200] but found [204]">
      <![CDATA[java.lang.AssertionError: expected [200] but found [204]
at org.testng.Assert.fail(Assert.java:96)
at org.testng.Assert.failNotEquals(Assert.java:776)
at org.testng.Assert.assertEqualsImpl(Assert.java:137)
at org.testng.Assert.assertEquals(Assert.java:118)
at org.testng.Assert.assertEquals(Assert.java:652)
at org.testng.Assert.assertEquals(Assert.java:662)
at com.EmployeManagement.tests.EmployeeManagementTest.putEmployeeWithPayloadTest(EmployeeManagementTest.java:38)
at sun.reflect.NativeMethodAccessorImpl.invoke0(Native Method)
at sun.reflect.NativeMethodAccessorImpl.invoke(NativeMethodAccessorImpl.java:62)
at sun.reflect.DelegatingMethodAccessorImpl.invoke(DelegatingMethodAccessorImpl.java:43)
at java.lang.reflect.Method.invoke(Method.java:483)
at org.testng.internal.MethodInvocationHelper.invokeMethod(MethodInvocationHelper.java:124)
at org.testng.internal.Invoker.invokeMethod(Invoker.java:583)
at org.testng.internal.Invoker.invokeTestMethod(Invoker.java:719)
at org.testng.internal.Invoker.invokeTestMethods(Invoker.java:989)
at org.testng.internal.TestMethodWorker.invokeTestMethods(TestMethodWorker.java:125)
at org.testng.internal.TestMethodWorker.run(TestMethodWorker.java:109)
at java.util.concurrent.ThreadPoolExecutor.runWorker(ThreadPoolExecutor.java:1142)
at java.util.concurrent.ThreadPoolExecutor$Worker.run(ThreadPoolExecutor.java:617)
at java.lang.Thread.run(Thread.java:745)
]]>
    </failure>
  </testcase> <!-- putEmployeeWithPayloadTest -->
</testsuite> <!-- com.EmployeManagement.tests.EmployeeManagementTest -->
